<?xml version="1.0" encoding="UTF-8"?>
<testng-results ignored="0" total="1" passed="0" failed="1" skipped="0">
  <reporter-output>
  </reporter-output>
  <suite started-at="2022-06-03T20:36:35 IST" name="Default suite" finished-at="2022-06-03T20:37:49 IST" duration-ms="74846">
    <groups>
    </groups>
    <test started-at="2022-06-03T20:36:35 IST" name="Default test" finished-at="2022-06-03T20:37:49 IST" duration-ms="74846">
      <class name="GLDT_TestCases.GLDT_TestCases">
        <test-method is-config="true" signature="Make_Cell_Empty()[pri:0, instance:GLDT_TestCases.GLDT_TestCases@399f45b1]" started-at="2022-06-03T20:36:35 IST" name="Make_Cell_Empty" finished-at="2022-06-03T20:36:37 IST" duration-ms="2351" status="PASS">
          <reporter-output>
          </reporter-output>
        </test-method> <!-- Make_Cell_Empty -->
        <test-method is-config="true" signature="Tama_User_Login()[pri:0, instance:GLDT_TestCases.GLDT_TestCases@399f45b1]" started-at="2022-06-03T20:36:37 IST" name="Tama_User_Login" finished-at="2022-06-03T20:36:58 IST" duration-ms="20928" status="PASS">
          <reporter-output>
          </reporter-output>
        </test-method> <!-- Tama_User_Login -->
        <test-method signature="Access_GLDT_ViewGlobalTimelinesforGLDTcases_14()[pri:14, instance:GLDT_TestCases.GLDT_TestCases@399f45b1]" started-at="2022-06-03T20:36:58 IST" name="Access_GLDT_ViewGlobalTimelinesforGLDTcases_14" finished-at="2022-06-03T20:37:49 IST" duration-ms="51467" status="FAIL">
          <exception class="java.util.NoSuchElementException">
            <full-stacktrace>
              <![CDATA[java.util.NoSuchElementException
at java.base/java.util.LinkedHashMap$LinkedHashIterator.nextNode(LinkedHashMap.java:758)
at java.base/java.util.LinkedHashMap$LinkedKeyIterator.next(LinkedHashMap.java:778)
at GLDT_Methods.GLDT_TestCase_Steps.Access_GLDT_ViewGlobalTimelinesforGLDTcases(GLDT_TestCase_Steps.java:1357)
at GLDT_TestCases.GLDT_TestCases.Access_GLDT_ViewGlobalTimelinesforGLDTcases_14(GLDT_TestCases.java:102)
at java.base/jdk.internal.reflect.DirectMethodHandleAccessor.invoke(DirectMethodHandleAccessor.java:104)
at java.base/java.lang.reflect.Method.invoke(Method.java:577)
at org.testng.internal.invokers.MethodInvocationHelper.invokeMethod(MethodInvocationHelper.java:135)
at org.testng.internal.invokers.TestInvoker.invokeMethod(TestInvoker.java:673)
at org.testng.internal.invokers.TestInvoker.invokeTestMethod(TestInvoker.java:220)
at org.testng.internal.invokers.MethodRunner.runInSequence(MethodRunner.java:50)
at org.testng.internal.invokers.TestInvoker$MethodInvocationAgent.invoke(TestInvoker.java:945)
at org.testng.internal.invokers.TestInvoker.invokeTestMethods(TestInvoker.java:193)
at org.testng.internal.invokers.TestMethodWorker.invokeTestMethods(TestMethodWorker.java:146)
at org.testng.internal.invokers.TestMethodWorker.run(TestMethodWorker.java:128)
at java.base/java.util.ArrayList.forEach(ArrayList.java:1511)
at org.testng.TestRunner.privateRun(TestRunner.java:808)
at org.testng.TestRunner.run(TestRunner.java:603)
at org.testng.SuiteRunner.runTest(SuiteRunner.java:429)
at org.testng.SuiteRunner.runSequentially(SuiteRunner.java:423)
at org.testng.SuiteRunner.privateRun(SuiteRunner.java:383)
at org.testng.SuiteRunner.run(SuiteRunner.java:326)
at org.testng.SuiteRunnerWorker.runSuite(SuiteRunnerWorker.java:52)
at org.testng.SuiteRunnerWorker.run(SuiteRunnerWorker.java:95)
at org.testng.TestNG.runSuitesSequentially(TestNG.java:1249)
at org.testng.TestNG.runSuitesLocally(TestNG.java:1169)
at org.testng.TestNG.runSuites(TestNG.java:1092)
at org.testng.TestNG.run(TestNG.java:1060)
at org.testng.remote.AbstractRemoteTestNG.run(AbstractRemoteTestNG.java:115)
at org.testng.remote.RemoteTestNG.initAndRun(RemoteTestNG.java:251)
at org.testng.remote.RemoteTestNG.main(RemoteTestNG.java:77)
]]>
            </full-stacktrace>
          </exception> <!-- java.util.NoSuchElementException -->
          <reporter-output>
          </reporter-output>
        </test-method> <!-- Access_GLDT_ViewGlobalTimelinesforGLDTcases_14 -->
      </class> <!-- GLDT_TestCases.GLDT_TestCases -->
    </test> <!-- Default test -->
  </suite> <!-- Default suite -->
</testng-results>
