<?xml version="1.0" encoding="UTF-8"?>
<testng-results ignored="2" total="3" passed="1" failed="0" skipped="0">
  <reporter-output>
  </reporter-output>
  <suite started-at="2022-05-31T19:43:32 IST" name="Default suite" finished-at="2022-05-31T19:44:49 IST" duration-ms="77814">
    <groups>
    </groups>
    <test started-at="2022-05-31T19:43:32 IST" name="Default test" finished-at="2022-05-31T19:44:49 IST" duration-ms="77814">
      <class name="GLDT_TestCases.GLDT_TestCases">
        <test-method is-config="true" signature="Make_Cell_Empty()[pri:0, instance:GLDT_TestCases.GLDT_TestCases@399f45b1]" started-at="2022-05-31T19:43:32 IST" name="Make_Cell_Empty" finished-at="2022-05-31T19:43:34 IST" duration-ms="2787" status="PASS">
          <reporter-output>
          </reporter-output>
        </test-method> <!-- Make_Cell_Empty -->
        <test-method is-config="true" signature="Tama_User_Login()[pri:0, instance:GLDT_TestCases.GLDT_TestCases@399f45b1]" started-at="2022-05-31T19:43:34 IST" name="Tama_User_Login" finished-at="2022-05-31T19:43:55 IST" duration-ms="20166" status="PASS">
          <reporter-output>
          </reporter-output>
        </test-method> <!-- Tama_User_Login -->
        <test-method signature="GLDT_TC_09()[pri:9, instance:GLDT_TestCases.GLDT_TestCases@399f45b1]" started-at="2022-05-31T19:43:55 IST" name="GLDT_TC_09" finished-at="2022-05-31T19:44:49 IST" duration-ms="54806" status="PASS">
          <reporter-output>
          </reporter-output>
        </test-method> <!-- GLDT_TC_09 -->
      </class> <!-- GLDT_TestCases.GLDT_TestCases -->
    </test> <!-- Default test -->
  </suite> <!-- Default suite -->
</testng-results>
