<?xml version="1.0" encoding="UTF-8"?>
<!-- Generated by org.testng.reporters.JUnitXMLReporter -->
<testsuite ignored="2" hostname="LAPTOP-HBROTHS7" failures="0" tests="1" name="Default test" time="77.814" errors="0" timestamp="2022-05-31T19:44:49 IST">
  <testcase classname="GLDT_TestCases.GLDT_TestCases" name="GLDT_TC_09" time="54.806"/>
  <testcase classname="GLDT_TestCases.GLDT_TestCases" name="GLDT_TC_08" time="0.0">
    <ignored/>
  </testcase> <!-- GLDT_TC_08 -->
  <testcase classname="GLDT_TestCases.GLDT_TestCases" name="GLDT_TC_07" time="0.0">
    <ignored/>
  </testcase> <!-- GLDT_TC_07 -->
</testsuite> <!-- Default test -->
