<?xml version="1.0" encoding="UTF-8"?>
<!-- Generated by org.testng.reporters.JUnitXMLReporter -->
<testsuite ignored="0" hostname="LAPTOP-HBROTHS7" failures="0" tests="1" name="TestOnIE" time="0.221" errors="0" timestamp="2022-05-23T22:03:21 IST">
  <testcase classname="demo.TestNGMultiBrowserDemo" name="@BeforeTest setup" time="0.129">
    <failure type="java.lang.IllegalStateException" message="The driver executable must exist: C:\Users\cnbna\git\SJFMW\SeleniumFrameWork\drivers\iedriver\IEDriverServer.exe">
      <![CDATA[java.lang.IllegalStateException: The driver executable must exist: C:\Users\cnbna\git\SJFMW\SeleniumFrameWork\drivers\iedriver\IEDriverServer.exe
at org.openqa.selenium.internal.Require$FileStateChecker.isFile(Require.java:315)
at org.openqa.selenium.remote.service.DriverService.checkExecutable(DriverService.java:144)
at org.openqa.selenium.remote.service.DriverService.findExecutable(DriverService.java:139)
at org.openqa.selenium.ie.InternetExplorerDriverService.access$000(InternetExplorerDriverService.java:38)
at org.openqa.selenium.ie.InternetExplorerDriverService$Builder.findDefaultExecutable(InternetExplorerDriverService.java:170)
at org.openqa.selenium.remote.service.DriverService$Builder.build(DriverService.java:434)
at org.openqa.selenium.ie.InternetExplorerDriver.setupService(InternetExplorerDriver.java:245)
at org.openqa.selenium.ie.InternetExplorerDriver.<init>(InternetExplorerDriver.java:176)
at org.openqa.selenium.ie.InternetExplorerDriver.<init>(InternetExplorerDriver.java:142)
at demo.TestNGMultiBrowserDemo.setup(TestNGMultiBrowserDemo.java:33)
at java.base/java.util.concurrent.FutureTask.run(FutureTask.java:264)
at java.base/java.util.concurrent.ThreadPoolExecutor.runWorker(ThreadPoolExecutor.java:1136)
at java.base/java.util.concurrent.ThreadPoolExecutor$Worker.run(ThreadPoolExecutor.java:635)
at java.base/java.lang.Thread.run(Thread.java:833)
... Removed 13 stack frames]]>
    </failure>
  </testcase> <!-- @BeforeTest setup -->
  <testcase classname="demo.TestNGMultiBrowserDemo" name="@AfterTest teardown" time="0.0">
    <skipped/>
  </testcase> <!-- @AfterTest teardown -->
  <testcase classname="demo.TestNGMultiBrowserDemo" name="test1" time="0.0">
    <skipped/>
  </testcase> <!-- test1 -->
</testsuite> <!-- TestOnIE -->
