<?xml version="1.0" encoding="UTF-8"?>
<!-- Generated by org.testng.reporters.JUnitXMLReporter -->
<testsuite ignored="1" hostname="LAPTOP-HBROTHS7" failures="0" tests="2" name="Test1" time="11.6" errors="0" timestamp="2022-05-17T16:48:32 IST">
  <testcase classname="test.TestNG_Demo2" name="googleSearch3" time="3.076"/>
  <testcase classname="test.TestNG_Demo" name="googleSearch" time="3.13"/>
  <testcase classname="test.TestNG_Demo2" name="googleSearch2" time="0.0">
    <ignored/>
  </testcase> <!-- googleSearch2 -->
</testsuite> <!-- Test1 -->
