<?xml version="1.0" encoding="UTF-8"?>
<!-- Generated by org.testng.reporters.JUnitXMLReporter -->
<testsuite ignored="0" hostname="LAPTOP-HBROTHS7" failures="0" tests="4" name="Test1" time="0.106" errors="0" timestamp="2022-05-30T13:21:12 IST">
  <testcase classname="demo.TestNGGroupsDemo" name="test1" time="0.025"/>
  <testcase classname="demo.TestNGGroupsDemo" name="test2" time="0.003"/>
  <testcase classname="demo.TestNGGroupsDemo" name="test3" time="0.002"/>
  <testcase classname="demo.TestNGGroupsDemo" name="test4" time="0.003"/>
</testsuite> <!-- Test1 -->
